Using pre-set license
Built from '2020.3/staging' branch; Version is '2020.3.5f1 (8095aa901b9b) revision 8426922'; Using compiler version '192528614'; Build Type 'Release'
OS: 'Windows 10 Home; OS build 22621.674; Version 2009; 64bit' Language: 'en' Physical Memory: 16298 MB
BatchMode: 1, IsHumanControllingUs: 0, StartBugReporterOnCrash: 0, Is64bit: 1, IsPro: 0

 COMMAND LINE ARGUMENTS:
C:\Program Files\Unity\Hub\Editor\2020.3.5f1\Editor\Unity.exe
-adb2
-batchMode
-noUpm
-name
AssetImportWorker0
-projectPath
D:/Unity/KnifeHit/Knife-Hit
-logFile
Logs/AssetImportWorker0.log
-srvPort
51136
Successfully changed project path to: D:/Unity/KnifeHit/Knife-Hit
D:/Unity/KnifeHit/Knife-Hit
Using Asset Import Pipeline V2.
Refreshing native plugins compatible for Editor in 22.99 ms, found 1 plugins.
Preloading 0 native plugins for Editor in 0.00 ms.
Initialize engine version: 2020.3.5f1 (8095aa901b9b)
[Subsystems] Discovering subsystems at path C:/Program Files/Unity/Hub/Editor/2020.3.5f1/Editor/Data/Resources/UnitySubsystems
[Subsystems] Discovering subsystems at path D:/Unity/KnifeHit/Knife-Hit/Assets
GfxDevice: creating device client; threaded=0
Direct3D:
    Version:  Direct3D 11.0 [level 11.1]
    Renderer: NVIDIA GeForce RTX 3070 (ID=0x2484)
    Vendor:   
    VRAM:     8043 MB
    Driver:   30.0.15.1295
Initialize mono
Mono path[0] = 'C:/Program Files/Unity/Hub/Editor/2020.3.5f1/Editor/Data/Managed'
Mono path[1] = 'C:/Program Files/Unity/Hub/Editor/2020.3.5f1/Editor/Data/MonoBleedingEdge/lib/mono/unityjit'
Mono config path = 'C:/Program Files/Unity/Hub/Editor/2020.3.5f1/Editor/Data/MonoBleedingEdge/etc'
Using monoOptions --debugger-agent=transport=dt_socket,embedding=1,server=y,suspend=n,address=127.0.0.1:56464
Begin MonoManager ReloadAssembly
Registering precompiled unity dll's ...
Register platform support module: C:/Program Files/Unity/Hub/Editor/2020.3.5f1/Editor/Data/PlaybackEngines/WindowsStandaloneSupport/UnityEditor.WindowsStandalone.Extensions.dll
Registered in 0.001196 seconds.
Native extension for WindowsStandalone target not found
Refreshing native plugins compatible for Editor in 23.18 ms, found 1 plugins.
Preloading 0 native plugins for Editor in 0.00 ms.
Mono: successfully reloaded assembly
- Completed reload, in  1.589 seconds
Platform modules already initialized, skipping
Registering precompiled user dll's ...
Registered in 0.000610 seconds.
Begin MonoManager ReloadAssembly
Native extension for WindowsStandalone target not found
Refreshing native plugins compatible for Editor in 23.70 ms, found 1 plugins.
Preloading 0 native plugins for Editor in 0.00 ms.
Mono: successfully reloaded assembly
- Completed reload, in  0.582 seconds
Platform modules already initialized, skipping
========================================================================
Worker process is ready to serve import requests
Launched and connected shader compiler UnityShaderCompiler.exe after 0.02 seconds
Refreshing native plugins compatible for Editor in 0.34 ms, found 1 plugins.
Preloading 0 native plugins for Editor in 0.00 ms.
Unloading 1810 Unused Serialized files (Serialized files now loaded: 0)
System memory in use before: 84.9 MB.
System memory in use after: 84.9 MB.

Unloading 19 unused Assets to reduce memory usage. Loaded Objects now: 2257.
Total: 1.626500 ms (FindLiveObjects: 0.131200 ms CreateObjectMapping: 0.033000 ms MarkObjects: 1.420400 ms  DeleteObjects: 0.041300 ms)

========================================================================
Received Import Request.
  path: Assets/Scripts/ScriptableObjects/Circle.asset
  artifactKey: Guid(faf8a7752de4b544984246c42ffeb5e6) Importer(815301076,1909f56bfc062723c751e8b465ee728b)
Start importing Assets/Scripts/ScriptableObjects/Circle.asset using Guid(faf8a7752de4b544984246c42ffeb5e6) Importer(815301076,1909f56bfc062723c751e8b465ee728b)  -> (artifact id: 'fc8af10608afbf728439b1854666ff8c') in 0.023039 seconds
  Import took 0.025149 seconds .

========================================================================
Received Import Request.
  Time since last request: 0.000198 seconds.
  path: Assets/Scripts/ScriptableObjects/Square.asset
  artifactKey: Guid(f3d236535b93a014d85a9f6262ef9193) Importer(815301076,1909f56bfc062723c751e8b465ee728b)
Start importing Assets/Scripts/ScriptableObjects/Square.asset using Guid(f3d236535b93a014d85a9f6262ef9193) Importer(815301076,1909f56bfc062723c751e8b465ee728b)  -> (artifact id: '51bfcbdd5ebb0190c46ee7ba441b4524') in 0.003855 seconds
  Import took 0.005373 seconds .

========================================================================
Received Import Request.
  Time since last request: 3.606260 seconds.
  path: Assets/Prefabs/Circle.prefab
  artifactKey: Guid(a38c62bf2ab17dc42b6ac61ec794f3d9) Importer(815301076,1909f56bfc062723c751e8b465ee728b)
Start importing Assets/Prefabs/Circle.prefab using Guid(a38c62bf2ab17dc42b6ac61ec794f3d9) Importer(815301076,1909f56bfc062723c751e8b465ee728b)  -> (artifact id: 'c3d7fb5d484189ae3514d88b29b286e2') in 0.011718 seconds
  Import took 0.013990 seconds .

========================================================================
Received Import Request.
  Time since last request: 1.442605 seconds.
  path: Assets/Scenes/SampleScene.unity
  artifactKey: Guid(002a9ba2e89c2dd468c98b6310ca8e6e) Importer(815301076,1909f56bfc062723c751e8b465ee728b)
Start importing Assets/Scenes/SampleScene.unity using Guid(002a9ba2e89c2dd468c98b6310ca8e6e) Importer(815301076,1909f56bfc062723c751e8b465ee728b)  -> (artifact id: '6007f04982323210e4672ee58c0fe49b') in 0.004396 seconds
  Import took 0.006589 seconds .

========================================================================
Received Import Request.
  Time since last request: 0.003888 seconds.
  path: Assets/Scenes/SampleScene.unity
  artifactKey: Guid(002a9ba2e89c2dd468c98b6310ca8e6e) Importer(815301076,1909f56bfc062723c751e8b465ee728b)
Start importing Assets/Scenes/SampleScene.unity using Guid(002a9ba2e89c2dd468c98b6310ca8e6e) Importer(815301076,1909f56bfc062723c751e8b465ee728b)  -> (artifact id: '6007f04982323210e4672ee58c0fe49b') in 0.001581 seconds
  Import took 0.003202 seconds .

AssetImportWorkerClient::OnTransportError - code=2 error=End of file
